2022-05-22 15:11:22,103 - buffer_PPO.py - line:65 - DEBUG - state[0.         0.         0.06666667 0.         0.         0.
 0.         0.         0.         0.         0.         0.
 0.         0.         0.         0.         0.         0.
 0.         0.         0.        ]
2022-05-22 15:11:22,109 - buffer_PPO.py - line:71 - DEBUG - action[0, 0, 2, 0, 0, 0, 0, 0, 0, 0, 0, 0, 0, 0, 0, 0, 0, 0, 0, 0, 0]
2022-05-22 15:11:23,106 - buffer_PPO.py - line:65 - DEBUG - state[0.         0.11111111 0.         0.         0.         0.
 0.75555557 0.         0.         0.         0.         0.
 0.         0.         0.         0.         0.         0.
 0.         0.         0.        ]
2022-05-22 15:11:23,144 - buffer_PPO.py - line:71 - DEBUG - action[0, 3, 0, 0, 0, 0, 17, 0, 0, 0, 0, 0, 0, 0, 0, 0, 0, 0, 0, 0, 0]
2022-05-22 15:11:24,108 - buffer_PPO.py - line:65 - DEBUG - state[0.04444445 0.11111111 0.         0.         0.         0.37777779
 1.0888889  0.         0.         0.         0.         0.
 0.         0.         0.         0.         0.         0.
 0.         0.         0.        ]
2022-05-22 15:11:24,167 - buffer_PPO.py - line:71 - DEBUG - action[2, 3, 0, 0, 0, 10, 17, 0, 0, 0, 0, 0, 0, 0, 0, 0, 0, 0, 0, 0, 0]
2022-05-22 15:11:25,109 - buffer_PPO.py - line:65 - DEBUG - state[0.04444445 0.13333334 0.         0.         0.15555556 0.7111111
 1.         0.         0.         0.         0.         0.
 0.         0.         0.         0.         0.         0.
 0.         0.         0.        ]
2022-05-22 15:11:25,158 - buffer_PPO.py - line:71 - DEBUG - action[2, 3, 0, 0, 3, 14, 12, 0, 0, 0, 0, 0, 0, 0, 0, 0, 0, 0, 0, 0, 0]
2022-05-22 15:11:26,110 - buffer_PPO.py - line:65 - DEBUG - state[0.06666667 0.13333334 0.         0.08888889 0.4        0.73333335
 1.2666667  0.         0.         0.         0.         0.
 0.         0.         0.         0.         0.         0.
 0.         0.         0.        ]
2022-05-22 15:11:26,160 - buffer_PPO.py - line:71 - DEBUG - action[3, 3, 0, 2, 7, 12, 8, 0, 0, 0, 0, 0, 0, 0, 0, 0, 0, 0, 0, 0, 0]
2022-05-22 15:11:27,112 - buffer_PPO.py - line:65 - DEBUG - state[0.06666667 0.11111111 0.04444445 0.24444444 0.46666667 1.0888889
 1.2444445  0.         0.         0.         0.         0.
 0.         0.         0.         0.         0.         0.
 0.         0.         0.        ]
2022-05-22 15:11:27,169 - buffer_PPO.py - line:71 - DEBUG - action[3, 2, 1, 6, 7, 13, 6, 0, 0, 0, 0, 0, 0, 0, 0, 0, 0, 0, 0, 0, 0]
2022-05-22 15:11:28,113 - buffer_PPO.py - line:65 - DEBUG - state[0.06666667 0.11111111 0.11111111 0.31111112 0.8        1.1111112
 0.9777778  0.         0.         0.         0.         0.
 0.         0.         0.         0.         0.         0.
 0.         0.         0.        ]
2022-05-22 15:11:28,156 - buffer_PPO.py - line:71 - DEBUG - action[3, 3, 2, 7, 8, 10, 5, 0, 0, 0, 0, 0, 0, 0, 0, 0, 0, 0, 0, 0, 0]
2022-05-22 15:11:29,114 - buffer_PPO.py - line:65 - DEBUG - state[0.04444445 0.17777778 0.15555556 0.62222224 0.8888889  0.8666667
 0.93333334 0.         0.         0.         0.         0.
 0.         0.         0.         0.         0.         0.
 0.         0.         0.        ]
2022-05-22 15:11:29,131 - buffer_PPO.py - line:71 - DEBUG - action[2, 4, 3, 12, 8, 7, 4, 0, 0, 0, 0, 0, 0, 0, 0, 0, 0, 0, 0, 0, 0]
2022-05-22 15:11:30,116 - buffer_PPO.py - line:65 - DEBUG - state[0.08888889 0.2        0.35555556 0.7111111  0.7111111  0.84444445
 1.2        0.         0.         0.         0.         0.
 0.         0.         0.         0.         0.         0.
 0.         0.         0.        ]
2022-05-22 15:11:30,137 - buffer_PPO.py - line:71 - DEBUG - action[4, 4, 6, 13, 7, 6, 3, 0, 0, 0, 0, 0, 0, 0, 0, 0, 0, 0, 0, 0, 0]
2022-05-22 15:11:31,117 - buffer_PPO.py - line:65 - DEBUG - state[0.11111111 0.31111112 0.42222223 0.5555556  0.7111111  1.1333333
 0.84444445 0.         0.         0.         0.         0.
 0.         0.         0.         0.         0.         0.
 0.         0.         0.        ]
2022-05-22 15:11:31,148 - buffer_PPO.py - line:71 - DEBUG - action[5, 7, 7, 8, 5, 5, 3, 0, 0, 0, 0, 0, 0, 0, 0, 0, 0, 0, 0, 0, 0]
2022-05-22 15:11:32,118 - buffer_PPO.py - line:65 - DEBUG - state[0.15555556 0.35555556 0.37777779 0.6        1.0222223  0.7777778
 0.82222223 0.02222222 0.         0.         0.         0.
 0.         0.         0.         0.         0.         0.
 0.         0.         0.        ]
2022-05-22 15:11:32,148 - buffer_PPO.py - line:71 - DEBUG - action[7, 8, 6, 9, 5, 3, 3, 0, 0, 0, 0, 0, 0, 0, 0, 0, 0, 0, 0, 0, 0]
2022-05-22 15:11:33,120 - buffer_PPO.py - line:65 - DEBUG - state[0.17777778 0.37777779 0.4        0.9111111  0.7111111  0.75555557
 0.9111111  0.         0.         0.         0.         0.
 0.         0.         0.         0.         0.         0.
 0.         0.         0.        ]
2022-05-22 15:11:33,145 - buffer_PPO.py - line:71 - DEBUG - action[8, 8, 6, 12, 4, 3, 2, 0, 0, 0, 0, 0, 0, 0, 0, 0, 0, 0, 0, 0, 0]
2022-05-22 15:11:34,121 - buffer_PPO.py - line:65 - DEBUG - state[0.2        0.37777779 0.64444447 0.62222224 0.6888889  0.8666667
 1.2666667  0.         0.         0.         0.         0.
 0.         0.         0.         0.         0.         0.
 0.         0.         0.        ]
2022-05-22 15:11:34,125 - buffer_PPO.py - line:71 - DEBUG - action[9, 7, 9, 8, 4, 3, 2, 0, 0, 0, 0, 0, 0, 0, 0, 0, 0, 0, 0, 0, 0]
2022-05-22 15:11:35,122 - buffer_PPO.py - line:65 - DEBUG - state[0.22222222 0.51111114 0.44444445 0.6        0.8        1.2222222
 1.0222223  0.         0.         0.         0.         0.
 0.         0.         0.         0.         0.         0.
 0.         0.         0.        ]
2022-05-22 15:11:35,127 - buffer_PPO.py - line:71 - DEBUG - action[10, 10, 6, 7, 3, 3, 2, 0, 0, 0, 0, 0, 0, 0, 0, 0, 0, 0, 0, 0, 0]
2022-05-22 15:11:36,124 - buffer_PPO.py - line:65 - DEBUG - state[0.2888889  0.33333334 0.44444445 0.73333335 1.1555556  0.9777778
 0.82222223 0.         0.         0.         0.         0.
 0.         0.         0.         0.         0.         0.
 0.         0.         0.        ]
2022-05-22 15:11:36,128 - buffer_PPO.py - line:71 - DEBUG - action[13, 6, 6, 9, 3, 2, 2, 0, 0, 0, 0, 0, 0, 0, 0, 0, 0, 0, 0, 0, 0]
2022-05-22 15:11:37,125 - buffer_PPO.py - line:65 - DEBUG - state[0.2        0.31111112 0.53333336 1.0888889  0.93333334 0.7777778
 0.35555556 0.         0.         0.         0.         0.
 0.         0.         0.         0.         0.         0.
 0.         0.         0.        ]
2022-05-22 15:11:37,143 - buffer_PPO.py - line:71 - DEBUG - action[9, 6, 8, 12, 4, 2, 1, 0, 0, 0, 0, 0, 0, 0, 0, 0, 0, 0, 0, 0, 0]
2022-05-22 15:11:38,128 - buffer_PPO.py - line:65 - DEBUG - state[0.17777778 0.4888889  0.82222223 0.84444445 0.73333335 0.33333334
 0.06666667 0.         0.         0.         0.         0.
 0.         0.         0.         0.         0.         0.
 0.         0.         0.        ]
2022-05-22 15:11:38,133 - buffer_PPO.py - line:71 - DEBUG - action[8, 9, 12, 8, 4, 1, 0, 0, 0, 0, 0, 0, 0, 0, 0, 0, 0, 0, 0, 0, 0]
2022-05-22 15:11:39,128 - buffer_PPO.py - line:65 - DEBUG - state[0.2888889  0.6666667  0.6666667  0.64444447 0.31111112 0.06666667
 1.4888889  0.         0.         0.         0.         0.
 0.         0.         0.         0.         0.         0.
 0.         0.         0.        ]
2022-05-22 15:11:39,159 - buffer_PPO.py - line:71 - DEBUG - action[13, 10, 9, 7, 3, 0, 2, 0, 0, 0, 0, 0, 0, 0, 0, 0, 0, 0, 0, 0, 0]
2022-05-22 15:11:40,130 - buffer_PPO.py - line:65 - DEBUG - state[0.44444445 0.5777778  0.4888889  0.24444444 0.06666667 1.4444444
 0.93333334 0.         0.         0.         0.         0.
 0.         0.         0.         0.         0.         0.
 0.         0.         0.        ]
2022-05-22 15:11:40,134 - buffer_PPO.py - line:71 - DEBUG - action[20, 10, 5, 2, 0, 2, 2, 0, 0, 0, 0, 0, 0, 0, 0, 0, 0, 0, 0, 0, 0]
2022-05-22 15:11:41,131 - buffer_PPO.py - line:65 - DEBUG - state[0.35555556 0.53333336 0.2        0.06666667 1.4        0.8888889
 1.1111112  0.         0.         0.         0.         0.
 0.         0.         0.         0.         0.         0.
 0.         0.         0.        ]
2022-05-22 15:11:41,135 - buffer_PPO.py - line:71 - DEBUG - action[16, 8, 2, 1, 3, 3, 2, 0, 0, 0, 0, 0, 0, 0, 0, 0, 0, 0, 0, 0, 0]
2022-05-22 15:11:42,133 - buffer_PPO.py - line:65 - DEBUG - state[0.35555556 0.31111112 0.04444445 1.3333334  0.82222223 1.0666667
 1.4222223  0.         0.         0.         0.         0.
 0.         0.         0.         0.         0.         0.
 0.         0.         0.        ]
2022-05-22 15:11:42,138 - buffer_PPO.py - line:71 - DEBUG - action[16, 4, 0, 17, 3, 3, 1, 0, 0, 0, 0, 0, 0, 0, 0, 0, 0, 0, 0, 0, 0]
2022-05-22 15:11:43,134 - buffer_PPO.py - line:65 - DEBUG - state[0.22222222 0.15555556 0.95555556 0.75555557 1.         1.4
 1.4444444  0.         0.         0.         0.         0.
 0.         0.         0.         0.         0.         0.
 0.         0.         0.        ]
2022-05-22 15:11:43,139 - buffer_PPO.py - line:71 - DEBUG - action[10, 2, 12, 10, 4, 2, 1, 0, 0, 0, 0, 0, 0, 0, 0, 0, 0, 0, 0, 0, 0]
2022-05-22 15:11:44,136 - buffer_PPO.py - line:65 - DEBUG - state[0.11111111 0.8        0.53333336 0.9111111  1.3555555  1.4222223
 1.1777778  0.         0.         0.         0.         0.
 0.         0.         0.         0.         0.         0.
 0.         0.         0.        ]
2022-05-22 15:11:44,141 - buffer_PPO.py - line:71 - DEBUG - action[5, 15, 7, 10, 3, 2, 1, 0, 0, 0, 0, 0, 0, 0, 0, 0, 0, 0, 0, 0, 0]
2022-05-22 15:11:45,137 - buffer_PPO.py - line:65 - DEBUG - state[0.46666667 0.4888889  0.6888889  1.2888889  1.3777778  1.1555556
 1.0222223  0.         0.         0.         0.         0.
 0.         0.         0.         0.         0.         0.
 0.         0.         0.        ]
2022-05-22 15:11:45,142 - buffer_PPO.py - line:71 - DEBUG - action[21, 4, 5, 8, 1, 1, 1, 0, 0, 0, 0, 0, 0, 0, 0, 0, 0, 0, 0, 0, 0]
2022-05-22 15:11:46,138 - buffer_PPO.py - line:65 - DEBUG - state[0.4       0.6666667 1.1111112 1.3555555 1.1333333 1.        1.1111112
 0.        0.        0.        0.        0.        0.        0.
 0.        0.        0.        0.        0.        0.        0.       ]
2022-05-22 15:11:46,145 - buffer_PPO.py - line:71 - DEBUG - action[18, 6, 8, 7, 1, 0, 0, 0, 0, 0, 0, 0, 0, 0, 0, 0, 0, 0, 0, 0, 0]
2022-05-22 15:11:47,140 - buffer_PPO.py - line:65 - DEBUG - state[0.53333336 1.0444444  1.2        1.1111112  1.         1.1111112
 0.95555556 0.         0.         0.         0.         0.
 0.         0.         0.         0.         0.         0.
 0.         0.         0.        ]
2022-05-22 15:11:47,144 - buffer_PPO.py - line:71 - DEBUG - action[24, 6, 5, 3, 1, 0, 0, 0, 0, 0, 0, 0, 0, 0, 0, 0, 0, 0, 0, 0, 0]
2022-05-22 15:11:48,141 - buffer_PPO.py - line:65 - DEBUG - state[0.9111111  1.0888889  1.0444444  0.9777778  1.1111112  0.95555556
 1.0222223  0.         0.         0.         0.         0.
 0.         0.         0.         0.         0.         0.
 0.         0.         0.        ]
2022-05-22 15:11:48,182 - buffer_PPO.py - line:71 - DEBUG - action[41, 1, 2, 1, 0, 0, 0, 0, 0, 0, 0, 0, 0, 0, 0, 0, 0, 0, 0, 0, 0]
2022-05-22 15:11:49,143 - buffer_PPO.py - line:65 - DEBUG - state[1.0666667  1.         0.95555556 1.1111112  0.95555556 1.0222223
 0.         0.         0.         0.         0.         0.
 0.         0.         0.         0.         0.         0.
 0.         0.         0.        ]
2022-05-22 15:11:49,169 - buffer_PPO.py - line:71 - DEBUG - action[45, 1, 1, 1, 0, 0, 0, 0, 0, 0, 0, 0, 0, 0, 0, 0, 0, 0, 0, 0, 0]
